\BOOKMARK [0][-]{chapter.1}{\376\377\000W\000p\000r\000o\000w\000a\000d\000z\000e\000n\000i\000e}{}% 1
\BOOKMARK [1][-]{section.1.1}{\376\377\000C\000e\000l\000\040\000k\000s\000i\001\005\001\174\000k\000i}{chapter.1}% 2
\BOOKMARK [1][-]{section.1.2}{\376\377\000C\000o\000\040\000t\000o\000\040\000j\000e\000s\000t\000\040\000R}{chapter.1}% 3
\BOOKMARK [1][-]{section.1.3}{\376\377\000Z\000a\000l\000e\000t\000y\000\040\000R}{chapter.1}% 4
\BOOKMARK [1][-]{section.1.4}{\376\377\000I\000n\000s\000t\000a\000l\000a\000c\000j\000a\000\040\000R\000\040\000i\000\040\000R\000S\000t\000u\000d\000i\000o}{chapter.1}% 5
\BOOKMARK [1][-]{section.1.5}{\376\377\000P\000a\000k\000i\000e\000t\000y}{chapter.1}% 6
\BOOKMARK [1][-]{section.1.6}{\376\377\000D\000o\000k\000u\000m\000e\000n\000t\000a\000c\000j\000a\000\040\000i\000\040\000s\000z\000u\000k\000a\000n\000i\000e\000\040\000p\000o\000m\000o\000c\000y}{chapter.1}% 7
\BOOKMARK [0][-]{chapter.2}{\376\377\000O\000b\000l\000i\000c\000z\000e\000n\000i\000a\000\040\000w\000\040\000R}{}% 8
\BOOKMARK [1][-]{section.2.1}{\376\377\000P\000r\000o\000s\000t\000e\000\040\000o\000b\000l\000i\000c\000z\000e\000n\000i\000a\000\040\000m\000a\000t\000e\000m\000a\000t\000y\000c\000z\000n\000e}{chapter.2}% 9
\BOOKMARK [1][-]{section.2.2}{\376\377\000Z\000m\000i\000e\000n\000n\000e}{chapter.2}% 10
\BOOKMARK [1][-]{section.2.3}{\376\377\000W\000e\000k\000t\000o\000r\000y\000,\000\040\000m\000a\000c\000i\000e\000r\000z\000e\000\040\000o\000r\000a\000z\000\040\000r\000a\000m\000k\000i\000\040\000d\000a\000n\000y\000c\000h}{chapter.2}% 11
\BOOKMARK [0][-]{chapter.3}{\376\377\000P\000r\000z\000y\000g\000o\000t\000o\000w\000a\000n\000i\000e\000\040\000d\000a\000n\000y\000c\000h}{}% 12
\BOOKMARK [0][-]{chapter.4}{\376\377\000W\000i\000z\000u\000a\000l\000i\000z\000a\000c\000j\000e}{}% 13
\BOOKMARK [1][-]{section.4.1}{\376\377\000G\000r\000a\000f\000i\000c\000z\000n\000a\000\040\000p\000r\000e\000z\000e\000n\000t\000a\000c\000j\000a\000\040\000d\000a\000n\000y\000c\000h}{chapter.4}% 14
\BOOKMARK [1][-]{section.4.2}{\376\377\000W\000y\000k\000r\000e\000s\000y\000\040\000d\000l\000a\000\040\000p\000r\000z\000y\000k\001\102\000a\000d\000o\000w\000y\000c\000h\000\040\000f\000u\000n\000k\000c\000j\000i}{chapter.4}% 15
\BOOKMARK [0][-]{chapter.5}{\376\377\000T\000e\000s\000t\000o\000w\000a\000n\000i\000e}{}% 16
\BOOKMARK [1][-]{section.5.1}{\376\377\000W\000p\000r\000o\000w\000a\000d\000z\000e\000n\000i\000e}{chapter.5}% 17
\BOOKMARK [1][-]{section.5.2}{\376\377\000T\000e\000s\000t\000y\000\040\000i\000s\000t\000o\000t\000n\000o\001\133\000c\000i\000\040\000d\000w\000\363\000c\000h\000\040\000w\000a\000r\000t\000o\001\133\000c\000i\000\040\001\133\000r\000e\000d\000n\000i\000c\000h\000\040\000d\000l\000a\000\040\000p\000r\000\363\000b\000\040\000z\000\040\000r\000o\000z\000k\001\102\000a\000d\000\363\000w\000\040\000n\000o\000r\000m\000a\000l\000n\000y\000c\000h}{chapter.5}% 18
\BOOKMARK [1][-]{section.5.3}{\376\377\000T\000e\000s\000t\000y\000\040\000i\000s\000t\000o\000t\000n\000o\001\133\000c\000i\000\040\000d\000l\000a\000\040\000d\000w\000\363\000c\000h\000\040\000w\000a\000r\000t\000o\001\133\000c\000i\000\040\001\133\000r\000e\000d\000n\000i\000c\000h\000\040\000z\000\040\000d\000o\000w\000o\000l\000n\000y\000c\000h\000\040\000r\000o\000z\000k\001\102\000a\000d\000\363\000w}{chapter.5}% 19
\BOOKMARK [1][-]{section.5.4}{\376\377\000A\000n\000a\000l\000i\000z\000a\000\040\000w\000a\000r\000i\000a\000n\000c\000j\000i\000\040\000-\000\040\000A\000N\000O\000V\000A}{chapter.5}% 20
\BOOKMARK [1][-]{section.5.5}{\376\377\000T\000e\000s\000t\000y\000\040\000w\000i\000e\000l\000o\000k\000r\000o\000t\000n\000e}{chapter.5}% 21
\BOOKMARK [0][-]{chapter.6}{\376\377\000B\000a\000d\000a\000n\000i\000e\000\040\000z\000a\000l\000e\001\174\000n\000o\001\133\000c\000i\000\040\000c\000e\000c\000h}{}% 22
\BOOKMARK [1][-]{section.6.1}{\376\377\000K\000o\000r\000e\000l\000a\000c\000j\000e}{chapter.6}% 23
\BOOKMARK [1][-]{section.6.2}{\376\377\000T\000a\000b\000l\000i\000c\000e\000\040\000k\000o\000n\000t\000y\000n\000g\000e\000n\000c\000j\000i}{chapter.6}% 24
\BOOKMARK [0][-]{chapter.7}{\376\377\000R\000e\000g\000r\000e\000s\000j\000a\000\040\000l\000i\000n\000i\000o\000w\000a\000\040\000i\000\040\000w\000i\000e\000l\000o\000k\000r\000o\000t\000n\000a}{}% 25
\BOOKMARK [1][-]{section.7.1}{\376\377\000R\000e\000g\000r\000e\000s\000j\000a\000\040\000l\000i\000n\000i\000o\000w\000a}{chapter.7}% 26
\BOOKMARK [1][-]{section.7.2}{\376\377\000R\000e\000g\000r\000e\000s\000j\000a\000\040\000w\000i\000e\000l\000o\000k\000r\000o\000t\000n\000a}{chapter.7}% 27
